nohup: ignoring input

> hande-api-nest@0.0.1 start
> nest start

[32m[Nest] 52892  - [39m01/02/2026, 15:14:56 [32m    LOG[39m [38;5;3m[NestFactory] [39m[32mStarting Nest application...[39m
[32m[Nest] 52892  - [39m01/02/2026, 15:14:56 [32m    LOG[39m [38;5;3m[InstanceLoader] [39m[32mPassportModule dependencies initialized[39m[38;5;3m +14ms[39m
[32m[Nest] 52892  - [39m01/02/2026, 15:14:56 [32m    LOG[39m [38;5;3m[InstanceLoader] [39m[32mConfigHostModule dependencies initialized[39m[38;5;3m +0ms[39m
[32m[Nest] 52892  - [39m01/02/2026, 15:14:56 [32m    LOG[39m [38;5;3m[InstanceLoader] [39m[32mAppModule dependencies initialized[39m[38;5;3m +3ms[39m
[32m[Nest] 52892  - [39m01/02/2026, 15:14:56 [32m    LOG[39m [38;5;3m[InstanceLoader] [39m[32mConfigModule dependencies initialized[39m[38;5;3m +0ms[39m
[32m[Nest] 52892  - [39m01/02/2026, 15:14:56 [32m    LOG[39m [38;5;3m[InstanceLoader] [39m[32mConfigModule dependencies initialized[39m[38;5;3m +0ms[39m
[32m[Nest] 52892  - [39m01/02/2026, 15:14:56 [32m    LOG[39m [38;5;3m[InstanceLoader] [39m[32mSharedModule dependencies initialized[39m[38;5;3m +1ms[39m
[32m[Nest] 52892  - [39m01/02/2026, 15:14:56 [32m    LOG[39m [38;5;3m[InstanceLoader] [39m[32mJwtModule dependencies initialized[39m[38;5;3m +1ms[39m
[32m[Nest] 52892  - [39m01/02/2026, 15:14:56 [32m    LOG[39m [38;5;3m[InstanceLoader] [39m[32mAuthModule dependencies initialized[39m[38;5;3m +2ms[39m
[32m[Nest] 52892  - [39m01/02/2026, 15:14:56 [32m    LOG[39m [38;5;3m[RoutesResolver] [39m[32mAppController {/api}:[39m[38;5;3m +17ms[39m
[32m[Nest] 52892  - [39m01/02/2026, 15:14:56 [32m    LOG[39m [38;5;3m[RouterExplorer] [39m[32mMapped {/api, GET} route[39m[38;5;3m +4ms[39m
[32m[Nest] 52892  - [39m01/02/2026, 15:14:56 [32m    LOG[39m [38;5;3m[RoutesResolver] [39m[32mAuthController {/api/auth}:[39m[38;5;3m +0ms[39m
[32m[Nest] 52892  - [39m01/02/2026, 15:14:56 [32m    LOG[39m [38;5;3m[RouterExplorer] [39m[32mMapped {/api/auth/register, POST} route[39m[38;5;3m +0ms[39m
[32m[Nest] 52892  - [39m01/02/2026, 15:14:56 [32m    LOG[39m [38;5;3m[RouterExplorer] [39m[32mMapped {/api/auth/login, POST} route[39m[38;5;3m +1ms[39m
[32m[Nest] 52892  - [39m01/02/2026, 15:14:56 [32m    LOG[39m [38;5;3m[RouterExplorer] [39m[32mMapped {/api/auth/me, GET} route[39m[38;5;3m +1ms[39m
[32m[Nest] 52892  - [39m01/02/2026, 15:14:56 [32m    LOG[39m [38;5;3m[NestApplication] [39m[32mNest application successfully started[39m[38;5;3m +109ms[39m
[31m[Nest] 52892  - [39m01/02/2026, 15:14:56 [31m  ERROR[39m [38;5;3m[NestApplication] [39m[31mError: listen EADDRINUSE: address already in use :::3000[39m[38;5;3m +4ms[39m
node:net:1940
    const ex = new UVExceptionWithHostPort(err, 'listen', address, port);
               ^

Error: listen EADDRINUSE: address already in use :::3000
    at Server.setupListenHandle [as _listen2] (node:net:1940:16)
    at listenInCluster (node:net:1997:12)
    at Server.listen (node:net:2102:7)
    at ExpressAdapter.listen (/home/tafadzwa/Documents/Github/HANDEE/hande-api-nest/node_modules/@nestjs/platform-express/adapters/express-adapter.js:127:32)
    at /home/tafadzwa/Documents/Github/HANDEE/hande-api-nest/node_modules/@nestjs/core/nest-application.js:188:30
    at new Promise (<anonymous>)
    at NestApplication.listen (/home/tafadzwa/Documents/Github/HANDEE/hande-api-nest/node_modules/@nestjs/core/nest-application.js:178:16)
    at async bootstrap (/home/tafadzwa/Documents/Github/HANDEE/hande-api-nest/src/main.ts:30:3) {
  code: 'EADDRINUSE',
  errno: -98,
  syscall: 'listen',
  address: '::',
  port: 3000
}

Node.js v24.12.0
